<?xml version="1.0" encoding="UTF-8"?>
<coverage generated="1623819961888" clover="3.2.0">
  <project timestamp="1623819961888" name="All files">
    <metrics statements="15" coveredstatements="10" conditionals="2" coveredconditionals="0" methods="3" coveredmethods="2" elements="20" coveredelements="12" complexity="0" loc="15" ncloc="15" packages="1" files="2" classes="2"/>
    <file name="fetchdata.js" path="/home/gopal/Documents/ipl/mbcjs-16-1-ipl-Gopalkrishna-art/IPPPPL/ipl/ipl/fetchdata.js">
      <metrics statements="9" coveredstatements="8" conditionals="0" coveredconditionals="0" methods="1" coveredmethods="1"/>
      <line num="1" count="1" type="stmt"/>
      <line num="3" count="1" type="stmt"/>
      <line num="4" count="1" type="stmt"/>
      <line num="7" count="1" type="stmt"/>
      <line num="8" count="1" type="stmt"/>
      <line num="10" count="1" type="stmt"/>
      <line num="11" count="1" type="stmt"/>
      <line num="12" count="0" type="stmt"/>
      <line num="15" count="1" type="stmt"/>
    </file>
    <file name="matchesPlayedPerYear.js" path="/home/gopal/Documents/ipl/mbcjs-16-1-ipl-Gopalkrishna-art/IPPPPL/ipl/ipl/matchesPlayedPerYear.js">
      <metrics statements="6" coveredstatements="2" conditionals="2" coveredconditionals="0" methods="2" coveredmethods="1"/>
      <line num="2" count="1" type="stmt"/>
      <line num="3" count="0" type="cond" truecount="0" falsecount="2"/>
      <line num="4" count="0" type="stmt"/>
      <line num="6" count="0" type="stmt"/>
      <line num="9" count="0" type="stmt"/>
      <line num="12" count="1" type="stmt"/>
    </file>
  </project>
</coverage>
