{"/home/gopal/Documents/ipl/mbcjs-16-1-ipl-Gopalkrishna-art/IPPPPL/ipl/ipl/fetchdata.js": {"path":"/home/gopal/Documents/ipl/mbcjs-16-1-ipl-Gopalkrishna-art/IPPPPL/ipl/ipl/fetchdata.js","statementMap":{"0":{"start":{"line":1,"column":12},"end":{"line":1,"column":32}},"1":{"start":{"line":3,"column":24},"end":{"line":3,"column":44}},"2":{"start":{"line":4,"column":27},"end":{"line":4,"column":50}},"3":{"start":{"line":7,"column":31},"end":{"line":7,"column":64}},"4":{"start":{"line":8,"column":34},"end":{"line":8,"column":70}},"5":{"start":{"line":10,"column":24},"end":{"line":10,"column":80}},"6":{"start":{"line":11,"column":18},"end":{"line":11,"column":35}},"7":{"start":{"line":12,"column":5},"end":{"line":12,"column":17}},"8":{"start":{"line":15,"column":0},"end":{"line":15,"column":27}}},"fnMap":{"0":{"name":"fetchData","decl":{"start":{"line":6,"column":15},"end":{"line":6,"column":24}},"loc":{"start":{"line":6,"column":27},"end":{"line":13,"column":1}},"line":6}},"branchMap":{},"s":{"0":1,"1":1,"2":1,"3":1,"4":1,"5":1,"6":1,"7":0,"8":1},"f":{"0":1},"b":{},"_coverageSchema":"1a1c01bbd47fc00a2c39e90264f33305004495a9","hash":"47b65a5ef12ccb1a13201c859cac639def8a60e7"}
,"/home/gopal/Documents/ipl/mbcjs-16-1-ipl-Gopalkrishna-art/IPPPPL/ipl/ipl/matchesPlayedPerYear.js": {"path":"/home/gopal/Documents/ipl/mbcjs-16-1-ipl-Gopalkrishna-art/IPPPPL/ipl/ipl/matchesPlayedPerYear.js","statementMap":{"0":{"start":{"line":2,"column":4},"end":{"line":10,"column":11}},"1":{"start":{"line":3,"column":8},"end":{"line":7,"column":9}},"2":{"start":{"line":4,"column":12},"end":{"line":4,"column":37}},"3":{"start":{"line":6,"column":12},"end":{"line":6,"column":36}},"4":{"start":{"line":9,"column":8},"end":{"line":9,"column":21}},"5":{"start":{"line":12,"column":0},"end":{"line":12,"column":38}}},"fnMap":{"0":{"name":"matchesPlayedPerYear","decl":{"start":{"line":1,"column":9},"end":{"line":1,"column":29}},"loc":{"start":{"line":1,"column":39},"end":{"line":11,"column":1}},"line":1},"1":{"name":"(anonymous_1)","decl":{"start":{"line":2,"column":26},"end":{"line":2,"column":27}},"loc":{"start":{"line":2,"column":44},"end":{"line":10,"column":5}},"line":2}},"branchMap":{"0":{"loc":{"start":{"line":3,"column":8},"end":{"line":7,"column":9}},"type":"if","locations":[{"start":{"line":3,"column":8},"end":{"line":7,"column":9}},{"start":{"line":3,"column":8},"end":{"line":7,"column":9}}],"line":3}},"s":{"0":1,"1":0,"2":0,"3":0,"4":0,"5":1},"f":{"0":1,"1":0},"b":{"0":[0,0]},"_coverageSchema":"1a1c01bbd47fc00a2c39e90264f33305004495a9","hash":"e2e516a3192aac305b713e41fd90f04741c4a036"}
}
